{"/home/victorguerraveloso/Universidade/Extra/Stremio/brazilian-core/src/seed.js": {"path":"/home/victorguerraveloso/Universidade/Extra/Stremio/brazilian-core/src/seed.js","statementMap":{"0":{"start":{"line":1,"column":19},"end":{"line":1,"column":67}},"1":{"start":{"line":2,"column":20},"end":{"line":2,"column":69}},"2":{"start":{"line":3,"column":16},"end":{"line":3,"column":61}},"3":{"start":{"line":4,"column":18},"end":{"line":4,"column":65}},"4":{"start":{"line":5,"column":16},"end":{"line":12,"column":1}},"5":{"start":{"line":13,"column":17},"end":{"line":13,"column":42}},"6":{"start":{"line":14,"column":17},"end":{"line":23,"column":1}},"7":{"start":{"line":24,"column":0},"end":{"line":24,"column":26}},"8":{"start":{"line":25,"column":13},"end":{"line":38,"column":1}},"9":{"start":{"line":39,"column":0},"end":{"line":39,"column":18}},"10":{"start":{"line":40,"column":15},"end":{"line":48,"column":1}},"11":{"start":{"line":49,"column":0},"end":{"line":49,"column":22}},"12":{"start":{"line":51,"column":0},"end":{"line":56,"column":1}}},"fnMap":{},"branchMap":{},"s":{"0":3,"1":3,"2":3,"3":3,"4":3,"5":3,"6":3,"7":3,"8":3,"9":3,"10":3,"11":3,"12":3},"f":{},"b":{},"_coverageSchema":"1a1c01bbd47fc00a2c39e90264f33305004495a9","hash":"a2ad6bc512b43edafdce023b3985d5b32e03d401"}
,"/home/victorguerraveloso/Universidade/Extra/Stremio/brazilian-core/src/persistence/controllers/catalog-dao.js": {"path":"/home/victorguerraveloso/Universidade/Extra/Stremio/brazilian-core/src/persistence/controllers/catalog-dao.js","statementMap":{"0":{"start":{"line":1,"column":16},"end":{"line":1,"column":44}},"1":{"start":{"line":2,"column":14},"end":{"line":2,"column":48}},"2":{"start":{"line":4,"column":0},"end":{"line":25,"column":1}},"3":{"start":{"line":5,"column":18},"end":{"line":10,"column":6}},"4":{"start":{"line":6,"column":8},"end":{"line":9,"column":27}},"5":{"start":{"line":11,"column":21},"end":{"line":16,"column":6}},"6":{"start":{"line":12,"column":8},"end":{"line":15,"column":27}},"7":{"start":{"line":18,"column":8},"end":{"line":20,"column":11}},"8":{"start":{"line":19,"column":12},"end":{"line":19,"column":32}},"9":{"start":{"line":22,"column":18},"end":{"line":22,"column":38}},"10":{"start":{"line":23,"column":8},"end":{"line":23,"column":24}}},"fnMap":{"0":{"name":"(anonymous_0)","decl":{"start":{"line":5,"column":12},"end":{"line":5,"column":13}},"loc":{"start":{"line":5,"column":18},"end":{"line":10,"column":6}},"line":5},"1":{"name":"(anonymous_1)","decl":{"start":{"line":5,"column":30},"end":{"line":5,"column":31}},"loc":{"start":{"line":5,"column":51},"end":{"line":10,"column":5}},"line":5},"2":{"name":"(anonymous_2)","decl":{"start":{"line":11,"column":13},"end":{"line":11,"column":14}},"loc":{"start":{"line":11,"column":21},"end":{"line":16,"column":6}},"line":11},"3":{"name":"(anonymous_3)","decl":{"start":{"line":11,"column":33},"end":{"line":11,"column":34}},"loc":{"start":{"line":11,"column":54},"end":{"line":16,"column":5}},"line":11},"4":{"name":"(anonymous_4)","decl":{"start":{"line":17,"column":9},"end":{"line":17,"column":10}},"loc":{"start":{"line":17,"column":22},"end":{"line":24,"column":5}},"line":17},"5":{"name":"(anonymous_5)","decl":{"start":{"line":18,"column":42},"end":{"line":18,"column":43}},"loc":{"start":{"line":18,"column":47},"end":{"line":20,"column":9}},"line":18}},"branchMap":{},"s":{"0":3,"1":3,"2":3,"3":0,"4":0,"5":0,"6":0,"7":5,"8":5,"9":5,"10":5},"f":{"0":0,"1":0,"2":0,"3":0,"4":5,"5":5},"b":{},"_coverageSchema":"1a1c01bbd47fc00a2c39e90264f33305004495a9","hash":"fb5cd3fed257985283a28dc6a2e22d23c7f19f39"}
,"/home/victorguerraveloso/Universidade/Extra/Stremio/brazilian-core/src/persistence/controllers/manifest-dao.js": {"path":"/home/victorguerraveloso/Universidade/Extra/Stremio/brazilian-core/src/persistence/controllers/manifest-dao.js","statementMap":{"0":{"start":{"line":1,"column":17},"end":{"line":1,"column":46}},"1":{"start":{"line":3,"column":0},"end":{"line":14,"column":1}},"2":{"start":{"line":4,"column":15},"end":{"line":9,"column":6}},"3":{"start":{"line":5,"column":8},"end":{"line":8,"column":27}},"4":{"start":{"line":11,"column":18},"end":{"line":11,"column":40}},"5":{"start":{"line":12,"column":8},"end":{"line":12,"column":24}}},"fnMap":{"0":{"name":"(anonymous_0)","decl":{"start":{"line":4,"column":9},"end":{"line":4,"column":10}},"loc":{"start":{"line":4,"column":15},"end":{"line":9,"column":6}},"line":4},"1":{"name":"(anonymous_1)","decl":{"start":{"line":4,"column":27},"end":{"line":4,"column":28}},"loc":{"start":{"line":4,"column":48},"end":{"line":9,"column":5}},"line":4},"2":{"name":"(anonymous_2)","decl":{"start":{"line":10,"column":9},"end":{"line":10,"column":10}},"loc":{"start":{"line":10,"column":23},"end":{"line":13,"column":5}},"line":10}},"branchMap":{},"s":{"0":3,"1":3,"2":1,"3":1,"4":5,"5":5},"f":{"0":1,"1":1,"2":5},"b":{},"_coverageSchema":"1a1c01bbd47fc00a2c39e90264f33305004495a9","hash":"e91c325baddcc7fc6907ebb9b83de80de5920c4f"}
,"/home/victorguerraveloso/Universidade/Extra/Stremio/brazilian-core/src/persistence/controllers/meta-dao.js": {"path":"/home/victorguerraveloso/Universidade/Extra/Stremio/brazilian-core/src/persistence/controllers/meta-dao.js","statementMap":{"0":{"start":{"line":1,"column":13},"end":{"line":1,"column":38}},"1":{"start":{"line":3,"column":0},"end":{"line":42,"column":1}},"2":{"start":{"line":4,"column":18},"end":{"line":9,"column":6}},"3":{"start":{"line":5,"column":8},"end":{"line":8,"column":27}},"4":{"start":{"line":10,"column":35},"end":{"line":15,"column":6}},"5":{"start":{"line":11,"column":8},"end":{"line":14,"column":27}},"6":{"start":{"line":16,"column":21},"end":{"line":21,"column":6}},"7":{"start":{"line":17,"column":8},"end":{"line":20,"column":27}},"8":{"start":{"line":23,"column":18},"end":{"line":23,"column":32}},"9":{"start":{"line":24,"column":8},"end":{"line":24,"column":24}},"10":{"start":{"line":26,"column":22},"end":{"line":31,"column":6}},"11":{"start":{"line":27,"column":8},"end":{"line":30,"column":27}},"12":{"start":{"line":32,"column":22},"end":{"line":41,"column":6}},"13":{"start":{"line":33,"column":8},"end":{"line":40,"column":50}},"14":{"start":{"line":35,"column":16},"end":{"line":38,"column":34}},"15":{"start":{"line":40,"column":25},"end":{"line":40,"column":48}}},"fnMap":{"0":{"name":"(anonymous_0)","decl":{"start":{"line":4,"column":12},"end":{"line":4,"column":13}},"loc":{"start":{"line":4,"column":18},"end":{"line":9,"column":6}},"line":4},"1":{"name":"(anonymous_1)","decl":{"start":{"line":4,"column":30},"end":{"line":4,"column":31}},"loc":{"start":{"line":4,"column":51},"end":{"line":9,"column":5}},"line":4},"2":{"name":"(anonymous_2)","decl":{"start":{"line":10,"column":20},"end":{"line":10,"column":21}},"loc":{"start":{"line":10,"column":35},"end":{"line":15,"column":6}},"line":10},"3":{"name":"(anonymous_3)","decl":{"start":{"line":10,"column":47},"end":{"line":10,"column":48}},"loc":{"start":{"line":10,"column":68},"end":{"line":15,"column":5}},"line":10},"4":{"name":"(anonymous_4)","decl":{"start":{"line":16,"column":13},"end":{"line":16,"column":14}},"loc":{"start":{"line":16,"column":21},"end":{"line":21,"column":6}},"line":16},"5":{"name":"(anonymous_5)","decl":{"start":{"line":16,"column":33},"end":{"line":16,"column":34}},"loc":{"start":{"line":16,"column":54},"end":{"line":21,"column":5}},"line":16},"6":{"name":"(anonymous_6)","decl":{"start":{"line":22,"column":9},"end":{"line":22,"column":10}},"loc":{"start":{"line":22,"column":19},"end":{"line":25,"column":5}},"line":22},"7":{"name":"(anonymous_7)","decl":{"start":{"line":26,"column":12},"end":{"line":26,"column":13}},"loc":{"start":{"line":26,"column":22},"end":{"line":31,"column":6}},"line":26},"8":{"name":"(anonymous_8)","decl":{"start":{"line":26,"column":34},"end":{"line":26,"column":35}},"loc":{"start":{"line":26,"column":55},"end":{"line":31,"column":5}},"line":26},"9":{"name":"(anonymous_9)","decl":{"start":{"line":32,"column":12},"end":{"line":32,"column":13}},"loc":{"start":{"line":32,"column":22},"end":{"line":41,"column":6}},"line":32},"10":{"name":"(anonymous_10)","decl":{"start":{"line":32,"column":34},"end":{"line":32,"column":35}},"loc":{"start":{"line":32,"column":55},"end":{"line":41,"column":5}},"line":32},"11":{"name":"(anonymous_11)","decl":{"start":{"line":34,"column":18},"end":{"line":34,"column":19}},"loc":{"start":{"line":34,"column":24},"end":{"line":39,"column":13}},"line":34},"12":{"name":"(anonymous_12)","decl":{"start":{"line":40,"column":19},"end":{"line":40,"column":20}},"loc":{"start":{"line":40,"column":25},"end":{"line":40,"column":48}},"line":40}},"branchMap":{},"s":{"0":3,"1":3,"2":0,"3":0,"4":0,"5":0,"6":0,"7":0,"8":3,"9":3,"10":0,"11":0,"12":0,"13":0,"14":0,"15":0},"f":{"0":0,"1":0,"2":0,"3":0,"4":0,"5":0,"6":3,"7":0,"8":0,"9":0,"10":0,"11":0,"12":0},"b":{},"_coverageSchema":"1a1c01bbd47fc00a2c39e90264f33305004495a9","hash":"0c74f228463bd142ee03ebc9b9bf6bf0da61df42"}
,"/home/victorguerraveloso/Universidade/Extra/Stremio/brazilian-core/src/persistence/controllers/stream-dao.js": {"path":"/home/victorguerraveloso/Universidade/Extra/Stremio/brazilian-core/src/persistence/controllers/stream-dao.js","statementMap":{"0":{"start":{"line":1,"column":15},"end":{"line":1,"column":42}},"1":{"start":{"line":3,"column":0},"end":{"line":36,"column":1}},"2":{"start":{"line":4,"column":18},"end":{"line":9,"column":6}},"3":{"start":{"line":5,"column":8},"end":{"line":8,"column":27}},"4":{"start":{"line":10,"column":29},"end":{"line":15,"column":6}},"5":{"start":{"line":11,"column":8},"end":{"line":14,"column":27}},"6":{"start":{"line":17,"column":18},"end":{"line":17,"column":36}},"7":{"start":{"line":18,"column":8},"end":{"line":18,"column":22}},"8":{"start":{"line":20,"column":24},"end":{"line":25,"column":6}},"9":{"start":{"line":21,"column":8},"end":{"line":24,"column":27}},"10":{"start":{"line":26,"column":24},"end":{"line":35,"column":6}},"11":{"start":{"line":27,"column":8},"end":{"line":34,"column":52}},"12":{"start":{"line":29,"column":16},"end":{"line":32,"column":34}},"13":{"start":{"line":34,"column":25},"end":{"line":34,"column":50}}},"fnMap":{"0":{"name":"(anonymous_0)","decl":{"start":{"line":4,"column":12},"end":{"line":4,"column":13}},"loc":{"start":{"line":4,"column":18},"end":{"line":9,"column":6}},"line":4},"1":{"name":"(anonymous_1)","decl":{"start":{"line":4,"column":26},"end":{"line":4,"column":27}},"loc":{"start":{"line":4,"column":47},"end":{"line":9,"column":5}},"line":4},"2":{"name":"(anonymous_2)","decl":{"start":{"line":10,"column":17},"end":{"line":10,"column":18}},"loc":{"start":{"line":10,"column":29},"end":{"line":15,"column":6}},"line":10},"3":{"name":"(anonymous_3)","decl":{"start":{"line":10,"column":37},"end":{"line":10,"column":38}},"loc":{"start":{"line":10,"column":58},"end":{"line":15,"column":5}},"line":10},"4":{"name":"(anonymous_4)","decl":{"start":{"line":16,"column":9},"end":{"line":16,"column":10}},"loc":{"start":{"line":16,"column":21},"end":{"line":19,"column":5}},"line":16},"5":{"name":"(anonymous_5)","decl":{"start":{"line":20,"column":12},"end":{"line":20,"column":13}},"loc":{"start":{"line":20,"column":24},"end":{"line":25,"column":6}},"line":20},"6":{"name":"(anonymous_6)","decl":{"start":{"line":20,"column":32},"end":{"line":20,"column":33}},"loc":{"start":{"line":20,"column":53},"end":{"line":25,"column":5}},"line":20},"7":{"name":"(anonymous_7)","decl":{"start":{"line":26,"column":12},"end":{"line":26,"column":13}},"loc":{"start":{"line":26,"column":24},"end":{"line":35,"column":6}},"line":26},"8":{"name":"(anonymous_8)","decl":{"start":{"line":26,"column":32},"end":{"line":26,"column":33}},"loc":{"start":{"line":26,"column":53},"end":{"line":35,"column":5}},"line":26},"9":{"name":"(anonymous_9)","decl":{"start":{"line":28,"column":18},"end":{"line":28,"column":19}},"loc":{"start":{"line":28,"column":24},"end":{"line":33,"column":13}},"line":28},"10":{"name":"(anonymous_10)","decl":{"start":{"line":34,"column":19},"end":{"line":34,"column":20}},"loc":{"start":{"line":34,"column":25},"end":{"line":34,"column":50}},"line":34}},"branchMap":{},"s":{"0":3,"1":3,"2":0,"3":0,"4":0,"5":0,"6":3,"7":3,"8":0,"9":0,"10":0,"11":0,"12":0,"13":0},"f":{"0":0,"1":0,"2":0,"3":0,"4":3,"5":0,"6":0,"7":0,"8":0,"9":0,"10":0},"b":{},"_coverageSchema":"1a1c01bbd47fc00a2c39e90264f33305004495a9","hash":"5d6739d68e5bec8f6e9b0a56ccb4dfe4406192da"}
,"/home/victorguerraveloso/Universidade/Extra/Stremio/brazilian-core/src/persistence/models/catalog-extra.js": {"path":"/home/victorguerraveloso/Universidade/Extra/Stremio/brazilian-core/src/persistence/models/catalog-extra.js","statementMap":{"0":{"start":{"line":1,"column":17},"end":{"line":1,"column":36}},"1":{"start":{"line":2,"column":15},"end":{"line":2,"column":30}},"2":{"start":{"line":4,"column":20},"end":{"line":17,"column":2}},"3":{"start":{"line":19,"column":0},"end":{"line":19,"column":54}}},"fnMap":{},"branchMap":{},"s":{"0":3,"1":3,"2":3,"3":3},"f":{},"b":{},"_coverageSchema":"1a1c01bbd47fc00a2c39e90264f33305004495a9","hash":"afd5a694e0f7a8c57f693b092eeabec23eec34d4"}
,"/home/victorguerraveloso/Universidade/Extra/Stremio/brazilian-core/src/persistence/models/catalog.js": {"path":"/home/victorguerraveloso/Universidade/Extra/Stremio/brazilian-core/src/persistence/models/catalog.js","statementMap":{"0":{"start":{"line":1,"column":15},"end":{"line":1,"column":34}},"1":{"start":{"line":2,"column":15},"end":{"line":2,"column":30}},"2":{"start":{"line":4,"column":22},"end":{"line":22,"column":2}},"3":{"start":{"line":24,"column":0},"end":{"line":24,"column":58}}},"fnMap":{},"branchMap":{},"s":{"0":3,"1":3,"2":3,"3":3},"f":{},"b":{},"_coverageSchema":"1a1c01bbd47fc00a2c39e90264f33305004495a9","hash":"f81d22741adc663d88d32733fd7be2703942343f"}
,"/home/victorguerraveloso/Universidade/Extra/Stremio/brazilian-core/src/persistence/models/manifest.js": {"path":"/home/victorguerraveloso/Universidade/Extra/Stremio/brazilian-core/src/persistence/models/manifest.js","statementMap":{"0":{"start":{"line":1,"column":15},"end":{"line":1,"column":34}},"1":{"start":{"line":2,"column":15},"end":{"line":2,"column":30}},"2":{"start":{"line":4,"column":23},"end":{"line":38,"column":2}},"3":{"start":{"line":40,"column":0},"end":{"line":40,"column":60}}},"fnMap":{},"branchMap":{},"s":{"0":3,"1":3,"2":3,"3":3},"f":{},"b":{},"_coverageSchema":"1a1c01bbd47fc00a2c39e90264f33305004495a9","hash":"62c3444d65be781b65a7e5c0322f2d0fa1b2bcda"}
,"/home/victorguerraveloso/Universidade/Extra/Stremio/brazilian-core/src/persistence/models/meta.js": {"path":"/home/victorguerraveloso/Universidade/Extra/Stremio/brazilian-core/src/persistence/models/meta.js","statementMap":{"0":{"start":{"line":1,"column":15},"end":{"line":1,"column":34}},"1":{"start":{"line":2,"column":15},"end":{"line":2,"column":30}},"2":{"start":{"line":4,"column":19},"end":{"line":53,"column":2}},"3":{"start":{"line":55,"column":0},"end":{"line":55,"column":52}}},"fnMap":{},"branchMap":{},"s":{"0":3,"1":3,"2":3,"3":3},"f":{},"b":{},"_coverageSchema":"1a1c01bbd47fc00a2c39e90264f33305004495a9","hash":"96e0c1223c0463caf531769114b90deda379c318"}
,"/home/victorguerraveloso/Universidade/Extra/Stremio/brazilian-core/src/persistence/models/stream.js": {"path":"/home/victorguerraveloso/Universidade/Extra/Stremio/brazilian-core/src/persistence/models/stream.js","statementMap":{"0":{"start":{"line":1,"column":15},"end":{"line":1,"column":34}},"1":{"start":{"line":2,"column":15},"end":{"line":2,"column":30}},"2":{"start":{"line":4,"column":21},"end":{"line":25,"column":2}},"3":{"start":{"line":27,"column":0},"end":{"line":27,"column":56}}},"fnMap":{},"branchMap":{},"s":{"0":3,"1":3,"2":3,"3":3},"f":{},"b":{},"_coverageSchema":"1a1c01bbd47fc00a2c39e90264f33305004495a9","hash":"70d30c88f32028a3d0fa805419e37773b0a7a82b"}
}
