TN:
SF:src/seed.js
FNF:0
FNH:0
DA:1,3
DA:2,3
DA:3,3
DA:4,3
DA:5,3
DA:13,3
DA:14,3
DA:24,3
DA:25,3
DA:39,3
DA:40,3
DA:49,3
DA:51,3
LF:13
LH:13
BRF:0
BRH:0
end_of_record
TN:
SF:src/persistence/controllers/catalog-dao.js
FN:5,(anonymous_0)
FN:5,(anonymous_1)
FN:11,(anonymous_2)
FN:11,(anonymous_3)
FN:17,(anonymous_4)
FN:18,(anonymous_5)
FNF:6
FNH:2
FNDA:0,(anonymous_0)
FNDA:0,(anonymous_1)
FNDA:0,(anonymous_2)
FNDA:0,(anonymous_3)
FNDA:5,(anonymous_4)
FNDA:5,(anonymous_5)
DA:1,3
DA:2,3
DA:4,3
DA:5,0
DA:6,0
DA:11,0
DA:12,0
DA:18,5
DA:19,5
DA:22,5
DA:23,5
LF:11
LH:7
BRF:0
BRH:0
end_of_record
TN:
SF:src/persistence/controllers/manifest-dao.js
FN:4,(anonymous_0)
FN:4,(anonymous_1)
FN:10,(anonymous_2)
FNF:3
FNH:3
FNDA:1,(anonymous_0)
FNDA:1,(anonymous_1)
FNDA:5,(anonymous_2)
DA:1,3
DA:3,3
DA:4,1
DA:5,1
DA:11,5
DA:12,5
LF:6
LH:6
BRF:0
BRH:0
end_of_record
TN:
SF:src/persistence/controllers/meta-dao.js
FN:4,(anonymous_0)
FN:4,(anonymous_1)
FN:10,(anonymous_2)
FN:10,(anonymous_3)
FN:16,(anonymous_4)
FN:16,(anonymous_5)
FN:22,(anonymous_6)
FN:26,(anonymous_7)
FN:26,(anonymous_8)
FN:32,(anonymous_9)
FN:32,(anonymous_10)
FN:34,(anonymous_11)
FN:40,(anonymous_12)
FNF:13
FNH:1
FNDA:0,(anonymous_0)
FNDA:0,(anonymous_1)
FNDA:0,(anonymous_2)
FNDA:0,(anonymous_3)
FNDA:0,(anonymous_4)
FNDA:0,(anonymous_5)
FNDA:3,(anonymous_6)
FNDA:0,(anonymous_7)
FNDA:0,(anonymous_8)
FNDA:0,(anonymous_9)
FNDA:0,(anonymous_10)
FNDA:0,(anonymous_11)
FNDA:0,(anonymous_12)
DA:1,3
DA:3,3
DA:4,0
DA:5,0
DA:10,0
DA:11,0
DA:16,0
DA:17,0
DA:23,3
DA:24,3
DA:26,0
DA:27,0
DA:32,0
DA:33,0
DA:35,0
DA:40,0
LF:16
LH:4
BRF:0
BRH:0
end_of_record
TN:
SF:src/persistence/controllers/stream-dao.js
FN:4,(anonymous_0)
FN:4,(anonymous_1)
FN:10,(anonymous_2)
FN:10,(anonymous_3)
FN:16,(anonymous_4)
FN:20,(anonymous_5)
FN:20,(anonymous_6)
FN:26,(anonymous_7)
FN:26,(anonymous_8)
FN:28,(anonymous_9)
FN:34,(anonymous_10)
FNF:11
FNH:1
FNDA:0,(anonymous_0)
FNDA:0,(anonymous_1)
FNDA:0,(anonymous_2)
FNDA:0,(anonymous_3)
FNDA:3,(anonymous_4)
FNDA:0,(anonymous_5)
FNDA:0,(anonymous_6)
FNDA:0,(anonymous_7)
FNDA:0,(anonymous_8)
FNDA:0,(anonymous_9)
FNDA:0,(anonymous_10)
DA:1,3
DA:3,3
DA:4,0
DA:5,0
DA:10,0
DA:11,0
DA:17,3
DA:18,3
DA:20,0
DA:21,0
DA:26,0
DA:27,0
DA:29,0
DA:34,0
LF:14
LH:4
BRF:0
BRH:0
end_of_record
TN:
SF:src/persistence/models/catalog-extra.js
FNF:0
FNH:0
DA:1,3
DA:2,3
DA:4,3
DA:19,3
LF:4
LH:4
BRF:0
BRH:0
end_of_record
TN:
SF:src/persistence/models/catalog.js
FNF:0
FNH:0
DA:1,3
DA:2,3
DA:4,3
DA:24,3
LF:4
LH:4
BRF:0
BRH:0
end_of_record
TN:
SF:src/persistence/models/manifest.js
FNF:0
FNH:0
DA:1,3
DA:2,3
DA:4,3
DA:40,3
LF:4
LH:4
BRF:0
BRH:0
end_of_record
TN:
SF:src/persistence/models/meta.js
FNF:0
FNH:0
DA:1,3
DA:2,3
DA:4,3
DA:55,3
LF:4
LH:4
BRF:0
BRH:0
end_of_record
TN:
SF:src/persistence/models/stream.js
FNF:0
FNH:0
DA:1,3
DA:2,3
DA:4,3
DA:27,3
LF:4
LH:4
BRF:0
BRH:0
end_of_record
